<?xml version="1.0" encoding="UTF-8"?>
<testng-results skipped="0" failed="1" ignored="0" total="1" passed="0">
  <reporter-output>
  </reporter-output>
  <suite name="Default suite" duration-ms="40412" started-at="2020-08-02T11:31:50 IST" finished-at="2020-08-02T11:32:31 IST">
    <groups>
    </groups>
    <test name="Default test" duration-ms="40412" started-at="2020-08-02T11:31:50 IST" finished-at="2020-08-02T11:32:31 IST">
      <class name="com.Testpackages.TestCaseClass">
        <test-method status="PASS" signature="beforeSuite()[pri:0, instance:com.Testpackages.TestCaseClass@1c3a4799]" name="beforeSuite" is-config="true" duration-ms="9" started-at="2020-08-02T11:31:50 IST" finished-at="2020-08-02T11:31:50 IST">
          <reporter-output>
          </reporter-output>
        </test-method> <!-- beforeSuite -->
        <test-method status="PASS" signature="BeforeMethod()[pri:0, instance:com.Testpackages.TestCaseClass@1c3a4799]" name="BeforeMethod" is-config="true" duration-ms="1573" started-at="2020-08-02T11:31:50 IST" finished-at="2020-08-02T11:31:52 IST">
          <reporter-output>
          </reporter-output>
        </test-method> <!-- BeforeMethod -->
        <test-method status="PASS" signature="beforeClass()[pri:0, instance:com.Testpackages.TestCaseClass@1c3a4799]" name="beforeClass" is-config="true" duration-ms="0" started-at="2020-08-02T11:31:52 IST" finished-at="2020-08-02T11:31:52 IST">
          <reporter-output>
          </reporter-output>
        </test-method> <!-- beforeClass -->
        <test-method status="FAIL" signature="Flipkart()[pri:0, instance:com.Testpackages.TestCaseClass@1c3a4799]" name="Flipkart" duration-ms="38808" started-at="2020-08-02T11:31:52 IST" finished-at="2020-08-02T11:32:31 IST">
          <exception class="java.lang.AssertionError">
            <message>
              <![CDATA[expected [Nikon D3500 DSLR Camera AF-P DX NIKKOR 18-55mm f/3.5-5.6G VR  (Black)] but found [Nikon D3500 DSLR Camera AF-P DX NIKKOR 18-55mm f/3.5-5.6G VR]]]>
            </message>
            <full-stacktrace>
              <![CDATA[java.lang.AssertionError: expected [Nikon D3500 DSLR Camera AF-P DX NIKKOR 18-55mm f/3.5-5.6G VR  (Black)] but found [Nikon D3500 DSLR Camera AF-P DX NIKKOR 18-55mm f/3.5-5.6G VR]
at org.testng.Assert.fail(Assert.java:97)
at org.testng.Assert.assertEqualsImpl(Assert.java:136)
at org.testng.Assert.assertEquals(Assert.java:118)
at org.testng.Assert.assertEquals(Assert.java:575)
at org.testng.Assert.assertEquals(Assert.java:585)
at com.uipackages.FindItems.searchitem(FindItems.java:85)
at com.Testpackages.TestCaseClass.Flipkart(TestCaseClass.java:29)
at sun.reflect.NativeMethodAccessorImpl.invoke0(Native Method)
at sun.reflect.NativeMethodAccessorImpl.invoke(NativeMethodAccessorImpl.java:62)
at sun.reflect.DelegatingMethodAccessorImpl.invoke(DelegatingMethodAccessorImpl.java:43)
at java.lang.reflect.Method.invoke(Method.java:498)
at org.testng.internal.MethodInvocationHelper.invokeMethod(MethodInvocationHelper.java:134)
at org.testng.internal.TestInvoker.invokeMethod(TestInvoker.java:597)
at org.testng.internal.TestInvoker.invokeTestMethod(TestInvoker.java:173)
at org.testng.internal.MethodRunner.runInSequence(MethodRunner.java:46)
at org.testng.internal.TestInvoker$MethodInvocationAgent.invoke(TestInvoker.java:816)
at org.testng.internal.TestInvoker.invokeTestMethods(TestInvoker.java:146)
at org.testng.internal.TestMethodWorker.invokeTestMethods(TestMethodWorker.java:146)
at org.testng.internal.TestMethodWorker.run(TestMethodWorker.java:128)
at java.util.ArrayList.forEach(ArrayList.java:1255)
at org.testng.TestRunner.privateRun(TestRunner.java:766)
at org.testng.TestRunner.run(TestRunner.java:587)
at org.testng.SuiteRunner.runTest(SuiteRunner.java:384)
at org.testng.SuiteRunner.runSequentially(SuiteRunner.java:378)
at org.testng.SuiteRunner.privateRun(SuiteRunner.java:337)
at org.testng.SuiteRunner.run(SuiteRunner.java:286)
at org.testng.SuiteRunnerWorker.runSuite(SuiteRunnerWorker.java:53)
at org.testng.SuiteRunnerWorker.run(SuiteRunnerWorker.java:96)
at org.testng.TestNG.runSuitesSequentially(TestNG.java:1187)
at org.testng.TestNG.runSuitesLocally(TestNG.java:1109)
at org.testng.TestNG.runSuites(TestNG.java:1039)
at org.testng.TestNG.run(TestNG.java:1007)
at org.testng.remote.AbstractRemoteTestNG.run(AbstractRemoteTestNG.java:115)
at org.testng.remote.RemoteTestNG.initAndRun(RemoteTestNG.java:251)
at org.testng.remote.RemoteTestNG.main(RemoteTestNG.java:77)
]]>
            </full-stacktrace>
          </exception> <!-- java.lang.AssertionError -->
          <reporter-output>
          </reporter-output>
        </test-method> <!-- Flipkart -->
        <test-method status="PASS" signature="close()[pri:0, instance:com.Testpackages.TestCaseClass@1c3a4799]" name="close" is-config="true" duration-ms="0" started-at="2020-08-02T11:32:31 IST" finished-at="2020-08-02T11:32:31 IST">
          <reporter-output>
          </reporter-output>
        </test-method> <!-- close -->
        <test-method status="PASS" signature="afterclass()[pri:0, instance:com.Testpackages.TestCaseClass@1c3a4799]" name="afterclass" is-config="true" duration-ms="0" started-at="2020-08-02T11:32:31 IST" finished-at="2020-08-02T11:32:31 IST">
          <reporter-output>
          </reporter-output>
        </test-method> <!-- afterclass -->
        <test-method status="PASS" signature="aftersuite()[pri:0, instance:com.Testpackages.TestCaseClass@1c3a4799]" name="aftersuite" is-config="true" duration-ms="123" started-at="2020-08-02T11:32:31 IST" finished-at="2020-08-02T11:32:31 IST">
          <reporter-output>
          </reporter-output>
        </test-method> <!-- aftersuite -->
      </class> <!-- com.Testpackages.TestCaseClass -->
    </test> <!-- Default test -->
  </suite> <!-- Default suite -->
</testng-results>
